Using pre-set license
Built from '2021.3/staging' branch; Version is '2021.3.10f1 (1c7d0df0160b) revision 1867021'; Using compiler version '192829333'; Build Type 'Release'
OS: 'Windows 10  (10.0.19044) 64bit Professional' Language: 'zh' Physical Memory: 12222 MB
BatchMode: 1, IsHumanControllingUs: 0, StartBugReporterOnCrash: 0, Is64bit: 1, IsPro: 1

COMMAND LINE ARGUMENTS:
D:\application\Unity\2021.3.10f1\Editor\Unity.exe
-adb2
-batchMode
-noUpm
-name
AssetImportWorker0
-projectPath
D:/repository/CnuProject
-logFile
Logs/AssetImportWorker0.log
-srvPort
51092
Successfully changed project path to: D:/repository/CnuProject
D:/repository/CnuProject
[UnityMemory] Configuration Parameters - Can be set up in boot.config
    "memorysetup-bucket-allocator-granularity=16"
    "memorysetup-bucket-allocator-bucket-count=8"
    "memorysetup-bucket-allocator-block-size=33554432"
    "memorysetup-bucket-allocator-block-count=8"
    "memorysetup-main-allocator-block-size=16777216"
    "memorysetup-thread-allocator-block-size=16777216"
    "memorysetup-gfx-main-allocator-block-size=16777216"
    "memorysetup-gfx-thread-allocator-block-size=16777216"
    "memorysetup-cache-allocator-block-size=4194304"
    "memorysetup-typetree-allocator-block-size=2097152"
    "memorysetup-profiler-bucket-allocator-granularity=16"
    "memorysetup-profiler-bucket-allocator-bucket-count=8"
    "memorysetup-profiler-bucket-allocator-block-size=33554432"
    "memorysetup-profiler-bucket-allocator-block-count=8"
    "memorysetup-profiler-allocator-block-size=16777216"
    "memorysetup-profiler-editor-allocator-block-size=1048576"
    "memorysetup-temp-allocator-size-main=16777216"
    "memorysetup-job-temp-allocator-block-size=2097152"
    "memorysetup-job-temp-allocator-block-size-background=1048576"
    "memorysetup-job-temp-allocator-reduction-small-platforms=262144"
    "memorysetup-temp-allocator-size-background-worker=32768"
    "memorysetup-temp-allocator-size-job-worker=262144"
    "memorysetup-temp-allocator-size-preload-manager=33554432"
    "memorysetup-temp-allocator-size-nav-mesh-worker=65536"
    "memorysetup-temp-allocator-size-audio-worker=65536"
    "memorysetup-temp-allocator-size-cloud-worker=32768"
    "memorysetup-temp-allocator-size-gi-baking-worker=262144"
    "memorysetup-temp-allocator-size-gfx=262144"
Refreshing native plugins compatible for Editor in 62.36 ms, found 3 plugins.
Preloading 0 native plugins for Editor in 0.00 ms.
Initialize engine version: 2021.3.10f1 (1c7d0df0160b)
[Subsystems] Discovering subsystems at path D:/application/Unity/2021.3.10f1/Editor/Data/Resources/UnitySubsystems
[Subsystems] Discovering subsystems at path D:/repository/CnuProject/Assets
GfxDevice: creating device client; threaded=0; jobified=0
Direct3D:
    Version:  Direct3D 11.0 [level 11.1]
    Renderer: NVIDIA GeForce GTX 1060 6GB (ID=0x1c06)
    Vendor:   NVIDIA
    VRAM:     6052 MB
    Driver:   31.0.15.1694
Initialize mono
Mono path[0] = 'D:/application/Unity/2021.3.10f1/Editor/Data/Managed'
Mono path[1] = 'D:/application/Unity/2021.3.10f1/Editor/Data/MonoBleedingEdge/lib/mono/unityjit-win32'
Mono config path = 'D:/application/Unity/2021.3.10f1/Editor/Data/MonoBleedingEdge/etc'
Using monoOptions --debugger-agent=transport=dt_socket,embedding=1,server=y,suspend=n,address=127.0.0.1:56360
Begin MonoManager ReloadAssembly
Registering precompiled unity dll's ...
Register platform support module: D:/application/Unity/2021.3.10f1/Editor/Data/PlaybackEngines/WindowsStandaloneSupport/UnityEditor.WindowsStandalone.Extensions.dll
Registered in 0.010554 seconds.
Native extension for WindowsStandalone target not found
Refreshing native plugins compatible for Editor in 55.97 ms, found 3 plugins.
Preloading 0 native plugins for Editor in 0.00 ms.
Mono: successfully reloaded assembly
- Completed reload, in  0.770 seconds
Domain Reload Profiling:
	ReloadAssembly (771ms)
		BeginReloadAssembly (106ms)
			ExecutionOrderSort (0ms)
			DisableScriptedObjects (0ms)
			BackupInstance (0ms)
			ReleaseScriptingObjects (0ms)
			CreateAndSetChildDomain (1ms)
		EndReloadAssembly (515ms)
			LoadAssemblies (102ms)
			RebuildTransferFunctionScriptingTraits (0ms)
			SetupTypeCache (138ms)
			ReleaseScriptCaches (0ms)
			RebuildScriptCaches (36ms)
			SetupLoadedEditorAssemblies (275ms)
				LogAssemblyErrors (0ms)
				InitializePlatformSupportModulesInManaged (10ms)
				SetLoadedEditorAssemblies (0ms)
				RefreshPlugins (56ms)
				BeforeProcessingInitializeOnLoad (2ms)
				ProcessInitializeOnLoadAttributes (150ms)
				ProcessInitializeOnLoadMethodAttributes (58ms)
				AfterProcessingInitializeOnLoad (0ms)
				EditorAssembliesLoaded (0ms)
			ExecutionOrderSort2 (0ms)
			AwakeInstancesAfterBackupRestoration (0ms)
Platform modules already initialized, skipping
Registering precompiled user dll's ...
Registered in 0.011230 seconds.
Begin MonoManager ReloadAssembly
Native extension for WindowsStandalone target not found
Refreshing native plugins compatible for Editor in 55.35 ms, found 3 plugins.
Preloading 0 native plugins for Editor in 0.00 ms.
Mono: successfully reloaded assembly
- Completed reload, in  1.330 seconds
Domain Reload Profiling:
	ReloadAssembly (1331ms)
		BeginReloadAssembly (149ms)
			ExecutionOrderSort (0ms)
			DisableScriptedObjects (7ms)
			BackupInstance (0ms)
			ReleaseScriptingObjects (0ms)
			CreateAndSetChildDomain (23ms)
		EndReloadAssembly (1028ms)
			LoadAssemblies (115ms)
			RebuildTransferFunctionScriptingTraits (0ms)
			SetupTypeCache (262ms)
			ReleaseScriptCaches (1ms)
			RebuildScriptCaches (66ms)
			SetupLoadedEditorAssemblies (533ms)
				LogAssemblyErrors (0ms)
				InitializePlatformSupportModulesInManaged (6ms)
				SetLoadedEditorAssemblies (0ms)
				RefreshPlugins (55ms)
				BeforeProcessingInitializeOnLoad (102ms)
				ProcessInitializeOnLoadAttributes (297ms)
				ProcessInitializeOnLoadMethodAttributes (60ms)
				AfterProcessingInitializeOnLoad (12ms)
				EditorAssembliesLoaded (0ms)
			ExecutionOrderSort2 (0ms)
			AwakeInstancesAfterBackupRestoration (9ms)
Platform modules already initialized, skipping
========================================================================
Worker process is ready to serve import requests
Launched and connected shader compiler UnityShaderCompiler.exe after 0.06 seconds
Refreshing native plugins compatible for Editor in 0.90 ms, found 3 plugins.
Preloading 0 native plugins for Editor in 0.00 ms.
Unloading 2661 Unused Serialized files (Serialized files now loaded: 0)
Unloading 47 unused Assets / (129.2 KB). Loaded Objects now: 3122.
Memory consumption went from 115.9 MB to 115.8 MB.
Total: 3.944200 ms (FindLiveObjects: 0.302400 ms CreateObjectMapping: 0.256600 ms MarkObjects: 3.265900 ms  DeleteObjects: 0.118100 ms)

AssetImportParameters requested are different than current active one (requested -> active):
  custom:video-decoder-ogg-theora: a1e56fd34408186e4bbccfd4996cb3dc -> 
  custom:container-muxer-webm: aa71ff27fc2769a1b78a27578f13a17b -> 
  custom:container-demuxer-webm: 4f35f7cbe854078d1ac9338744f61a02 -> 
  custom:video-encoder-webm-vp8: eb34c28f22e8b96e1ab97ce403110664 -> 
  custom:audio-encoder-webm-vorbis: bf7c407c2cedff20999df2af8eb42d56 -> 
  custom:framework-win-MediaFoundation: 216162199b28c13a410421893ffa2e32 -> 
  custom:container-demuxer-ogg: 62fdf1f143b41e24485cea50d1cbac27 -> 
  custom:video-decoder-webm-vp8: 9c59270c3fd7afecdb556c50c9e8de78 -> 
  custom:audio-decoder-ogg-vorbis: bf7c407c2cedff20999df2af8eb42d56 -> 
========================================================================
Received Import Request.
  Time since last request: 41584.455375 seconds.
  path: Assets/level-03.unity
  artifactKey: Guid(7d5edc97e6916f248b2931b41f926d6d) Importer(815301076,1909f56bfc062723c751e8b465ee728b)
Start importing Assets/level-03.unity using Guid(7d5edc97e6916f248b2931b41f926d6d) Importer(815301076,1909f56bfc062723c751e8b465ee728b)  -> (artifact id: '66e476c2bb0fb457da1ee9fc76557324') in 0.006169 seconds 
========================================================================
Received Import Request.
  Time since last request: 3.199400 seconds.
  path: Assets/level-02Settings.lighting
  artifactKey: Guid(bcdfd1abd6bc572459dc0f900707a5cb) Importer(815301076,1909f56bfc062723c751e8b465ee728b)
Start importing Assets/level-02Settings.lighting using Guid(bcdfd1abd6bc572459dc0f900707a5cb) Importer(815301076,1909f56bfc062723c751e8b465ee728b)  -> (artifact id: '073e4c727b4d2f866e43ba882efe2f18') in 0.044195 seconds 
========================================================================
Received Import Request.
  Time since last request: 0.626929 seconds.
  path: Assets/level-example.unity
  artifactKey: Guid(76acde73d1704df4ebbe8e13e59990a0) Importer(815301076,1909f56bfc062723c751e8b465ee728b)
Start importing Assets/level-example.unity using Guid(76acde73d1704df4ebbe8e13e59990a0) Importer(815301076,1909f56bfc062723c751e8b465ee728b)  -> (artifact id: '847daedd28c189932f4ed8e473cb795f') in 0.001572 seconds 
========================================================================
Received Import Request.
  Time since last request: 7.936609 seconds.
  path: Assets/level-01.unity
  artifactKey: Guid(366bcbebef3840d4284847a4b52bf75f) Importer(815301076,1909f56bfc062723c751e8b465ee728b)
Start importing Assets/level-01.unity using Guid(366bcbebef3840d4284847a4b52bf75f) Importer(815301076,1909f56bfc062723c751e8b465ee728b)  -> (artifact id: 'fb74df2cf05dc84aa0158501984953aa') in 0.001619 seconds 
========================================================================
Received Prepare
Registering precompiled user dll's ...
Registered in 0.011939 seconds.
Begin MonoManager ReloadAssembly
Native extension for WindowsStandalone target not found
Refreshing native plugins compatible for Editor in 84.81 ms, found 3 plugins.
Preloading 0 native plugins for Editor in 0.00 ms.
Mono: successfully reloaded assembly
- Completed reload, in  1.590 seconds
Domain Reload Profiling:
	ReloadAssembly (1590ms)
		BeginReloadAssembly (172ms)
			ExecutionOrderSort (0ms)
			DisableScriptedObjects (9ms)
			BackupInstance (0ms)
			ReleaseScriptingObjects (0ms)
			CreateAndSetChildDomain (44ms)
		EndReloadAssembly (1284ms)
			LoadAssemblies (125ms)
			RebuildTransferFunctionScriptingTraits (0ms)
			SetupTypeCache (309ms)
			ReleaseScriptCaches (2ms)
			RebuildScriptCaches (95ms)
			SetupLoadedEditorAssemblies (656ms)
				LogAssemblyErrors (0ms)
				InitializePlatformSupportModulesInManaged (15ms)
				SetLoadedEditorAssemblies (0ms)
				RefreshPlugins (85ms)
				BeforeProcessingInitializeOnLoad (113ms)
				ProcessInitializeOnLoadAttributes (309ms)
				ProcessInitializeOnLoadMethodAttributes (120ms)
				AfterProcessingInitializeOnLoad (14ms)
				EditorAssembliesLoaded (0ms)
			ExecutionOrderSort2 (0ms)
			AwakeInstancesAfterBackupRestoration (14ms)
Platform modules already initialized, skipping
Shader 'Universal Render Pipeline/Particles/Simple Lit': fallback shader 'Universal Render Pipeline/Particles/Unlit' not found
Shader 'Universal Render Pipeline/Nature/SpeedTree7': dependency 'BillboardShader' shader 'Universal Render Pipeline/Nature/SpeedTree7 Billboard' not found
Shader 'Hidden/Universal Render Pipeline/Terrain/Lit (Add Pass)': fallback shader 'Hidden/Universal Render Pipeline/FallbackError' not found
Shader 'Hidden/Universal Render Pipeline/Terrain/Lit (Base Pass)': fallback shader 'Hidden/Universal Render Pipeline/FallbackError' not found
WARNING: Shader Unsupported: 'Hidden/Universal Render Pipeline/Terrain/Lit (Base Pass)' - All subshaders removed
WARNING: Shader Did you use #pragma only_renderers and omit this platform?
WARNING: Shader If subshaders removal was intentional, you may have forgotten turning Fallback off?
WARNING: Shader Unsupported: 'Hidden/Universal Render Pipeline/Terrain/Lit (Base Pass)' - All subshaders removed
WARNING: Shader Did you use #pragma only_renderers and omit this platform?
WARNING: Shader If subshaders removal was intentional, you may have forgotten turning Fallback off?
Shader 'Universal Render Pipeline/Unlit': fallback shader 'Hidden/Universal Render Pipeline/FallbackError' not found
Shader 'Hidden/Universal Render Pipeline/StencilDeferred': fallback shader 'Hidden/Universal Render Pipeline/FallbackError' not found
Shader 'Universal Render Pipeline/Simple Lit': fallback shader 'Hidden/Universal Render Pipeline/FallbackError' not found
Refreshing native plugins compatible for Editor in 5.80 ms, found 3 plugins.
Preloading 0 native plugins for Editor in 0.00 ms.
Unloading 4060 Unused Serialized files (Serialized files now loaded: 0)
Unloading 97 unused Assets / (6.3 MB). Loaded Objects now: 4464.
Memory consumption went from 171.3 MB to 164.9 MB.
Total: 10.840900 ms (FindLiveObjects: 0.361700 ms CreateObjectMapping: 0.309500 ms MarkObjects: 4.848800 ms  DeleteObjects: 5.319600 ms)

AssetImportParameters requested are different than current active one (requested -> active):
  custom:video-decoder-ogg-theora: a1e56fd34408186e4bbccfd4996cb3dc -> 
  custom:container-muxer-webm: aa71ff27fc2769a1b78a27578f13a17b -> 
  custom:container-demuxer-webm: 4f35f7cbe854078d1ac9338744f61a02 -> 
  custom:video-encoder-webm-vp8: eb34c28f22e8b96e1ab97ce403110664 -> 
  custom:audio-encoder-webm-vorbis: bf7c407c2cedff20999df2af8eb42d56 -> 
  custom:framework-win-MediaFoundation: 216162199b28c13a410421893ffa2e32 -> 
  custom:container-demuxer-ogg: 62fdf1f143b41e24485cea50d1cbac27 -> 
  custom:video-decoder-webm-vp8: 9c59270c3fd7afecdb556c50c9e8de78 -> 
  custom:audio-decoder-ogg-vorbis: bf7c407c2cedff20999df2af8eb42d56 -> 
========================================================================
Received Import Request.
  Time since last request: 186.231850 seconds.
  path: Assets/URP
  artifactKey: Guid(85f099c2566a165428bc421371df4f93) Importer(815301076,1909f56bfc062723c751e8b465ee728b)
Start importing Assets/URP using Guid(85f099c2566a165428bc421371df4f93) Importer(815301076,1909f56bfc062723c751e8b465ee728b)  -> (artifact id: 'c52a21ee62bd6c9a398d3752a91d9693') in 0.007788 seconds 
========================================================================
Received Import Request.
  Time since last request: 24.412986 seconds.
  path: Assets/TileMap
  artifactKey: Guid(59c4d6378da592c479b8cea684b858fd) Importer(815301076,1909f56bfc062723c751e8b465ee728b)
Start importing Assets/TileMap using Guid(59c4d6378da592c479b8cea684b858fd) Importer(815301076,1909f56bfc062723c751e8b465ee728b)  -> (artifact id: 'f3803903794e9b65eee1c892f524790b') in 0.001606 seconds 
========================================================================
Received Import Request.
  Time since last request: 48.229370 seconds.
  path: Assets/URP/New Universal Render Pipeline Asset.asset
  artifactKey: Guid(e8571f2af1b001c42812701a84514237) Importer(815301076,1909f56bfc062723c751e8b465ee728b)
Start importing Assets/URP/New Universal Render Pipeline Asset.asset using Guid(e8571f2af1b001c42812701a84514237) Importer(815301076,1909f56bfc062723c751e8b465ee728b)  -> (artifact id: '8891c5a706cda26ea9da2ddac39a84e6') in 0.069543 seconds 
========================================================================
Received Import Request.
  Time since last request: 0.000029 seconds.
  path: Assets/settings/UniversalRenderPipelineAsset.asset
  artifactKey: Guid(e78948691a87fd54c905c227bd5f71c3) Importer(815301076,1909f56bfc062723c751e8b465ee728b)
Start importing Assets/settings/UniversalRenderPipelineAsset.asset using Guid(e78948691a87fd54c905c227bd5f71c3) Importer(815301076,1909f56bfc062723c751e8b465ee728b)  -> (artifact id: 'c89365ba4bc6df3b0fd66280b9767dff') in 0.061581 seconds 
========================================================================
Received Prepare
Switching render pipeline 00000000000000000000000000000000 -> e8571f2af1b001c42812701a84514237
Refreshing native plugins compatible for Editor in 6.64 ms, found 3 plugins.
Preloading 0 native plugins for Editor in 0.00 ms.
Unloading 144 Unused Serialized files (Serialized files now loaded: 0)
Unloading 83 unused Assets / (5.4 MB). Loaded Objects now: 4525.
Memory consumption went from 96.1 MB to 90.7 MB.
Total: 7.483400 ms (FindLiveObjects: 0.296200 ms CreateObjectMapping: 0.140400 ms MarkObjects: 4.414500 ms  DeleteObjects: 2.621600 ms)

AssetImportParameters requested are different than current active one (requested -> active):
  custom:video-decoder-ogg-theora: a1e56fd34408186e4bbccfd4996cb3dc -> 
  custom:container-muxer-webm: aa71ff27fc2769a1b78a27578f13a17b -> 
  custom:container-demuxer-webm: 4f35f7cbe854078d1ac9338744f61a02 -> 
  custom:video-encoder-webm-vp8: eb34c28f22e8b96e1ab97ce403110664 -> 
  custom:audio-encoder-webm-vorbis: bf7c407c2cedff20999df2af8eb42d56 -> 
  custom:framework-win-MediaFoundation: 216162199b28c13a410421893ffa2e32 -> 
  custom:container-demuxer-ogg: 62fdf1f143b41e24485cea50d1cbac27 -> 
  custom:video-decoder-webm-vp8: 9c59270c3fd7afecdb556c50c9e8de78 -> 
  custom:audio-decoder-ogg-vorbis: bf7c407c2cedff20999df2af8eb42d56 -> 
========================================================================
Received Import Request.
  Time since last request: 78.238005 seconds.
  path: Assets/URP/New Universal Render Pipeline Asset.asset
  artifactKey: Guid(e8571f2af1b001c42812701a84514237) Importer(815301076,1909f56bfc062723c751e8b465ee728b)
Start importing Assets/URP/New Universal Render Pipeline Asset.asset using Guid(e8571f2af1b001c42812701a84514237) Importer(815301076,1909f56bfc062723c751e8b465ee728b)  -> (artifact id: 'ba9f48587220bfe71d7146a63262a4a7') in 0.003073 seconds 
========================================================================
Received Import Request.
  Time since last request: 2.075240 seconds.
  path: Assets/URP/New Universal Render Pipeline Asset_Renderer.asset
  artifactKey: Guid(feac934c37ece6e4393396dde85a362a) Importer(815301076,1909f56bfc062723c751e8b465ee728b)
Start importing Assets/URP/New Universal Render Pipeline Asset_Renderer.asset using Guid(feac934c37ece6e4393396dde85a362a) Importer(815301076,1909f56bfc062723c751e8b465ee728b)  -> (artifact id: '6a854caaddfa486046c2b1871f943211') in 0.002370 seconds 
========================================================================
Received Import Request.
  Time since last request: 87.358234 seconds.
  path: Assets/temporary/Simple Fantasy GUI/Font/MedievalSharp.ttf
  artifactKey: Guid(dab90a45cedf47b4291bd9816c597551) Importer(815301076,1909f56bfc062723c751e8b465ee728b)
Start importing Assets/temporary/Simple Fantasy GUI/Font/MedievalSharp.ttf using Guid(dab90a45cedf47b4291bd9816c597551) Importer(815301076,1909f56bfc062723c751e8b465ee728b)  -> (artifact id: '519a57818e3f91dc721fbb5aae5e5efd') in 0.382184 seconds 
========================================================================
Received Import Request.
  Time since last request: 0.000033 seconds.
  path: Assets/Materials/New Material.mat
  artifactKey: Guid(e5ad3c51d5fa2d6439383b312a0f942e) Importer(815301076,1909f56bfc062723c751e8b465ee728b)
Start importing Assets/Materials/New Material.mat using Guid(e5ad3c51d5fa2d6439383b312a0f942e) Importer(815301076,1909f56bfc062723c751e8b465ee728b) State comes from an incompatible keyword space
UnityEngine.StackTraceUtility:ExtractStackTrace ()
UnityEngine.Rendering.ScriptableRenderContext:Submit_Internal ()
UnityEngine.Rendering.ScriptableRenderContext:Submit ()
UnityEngine.Rendering.Universal.UniversalRenderPipeline:RenderSingleCamera (UnityEngine.Rendering.ScriptableRenderContext,UnityEngine.Rendering.Universal.CameraData,bool) (at Library/PackageCache/com.unity.render-pipelines.universal@12.1.7/Runtime/UniversalRenderPipeline.cs:431)
UnityEngine.Rendering.Universal.UniversalRenderPipeline:RenderSingleCamera (UnityEngine.Rendering.ScriptableRenderContext,UnityEngine.Camera) (at Library/PackageCache/com.unity.render-pipelines.universal@12.1.7/Runtime/UniversalRenderPipeline.cs:324)
UnityEngine.Rendering.Universal.UniversalRenderPipeline:Render (UnityEngine.Rendering.ScriptableRenderContext,System.Collections.Generic.List`1<UnityEngine.Camera>) (at Library/PackageCache/com.unity.render-pipelines.universal@12.1.7/Runtime/UniversalRenderPipeline.cs:279)
UnityEngine.Rendering.RenderPipeline:InternalRender (UnityEngine.Rendering.ScriptableRenderContext,System.Collections.Generic.List`1<UnityEngine.Camera>)
UnityEngine.Rendering.RenderPipelineManager:DoRenderLoop_Internal (UnityEngine.Rendering.RenderPipelineAsset,intptr,System.Collections.Generic.List`1<UnityEngine.Camera/RenderRequest>,Unity.Collections.LowLevel.Unsafe.AtomicSafetyHandle)
UnityEditor.PreviewRenderUtility:Render (bool,bool)
UnityEditor.MaterialEditor:DoRenderPreview (UnityEditor.PreviewRenderUtility,bool)
UnityEditor.MaterialEditor:RenderStaticPreview (string,UnityEngine.Object[],int,int)
UnityEditor.AssetPreviewUpdater:CreatePreview (UnityEngine.Object,UnityEngine.Object[],string,int,int)
UnityEditor.AssetPreviewUpdater:CreatePreviewForAsset (UnityEngine.Object,UnityEngine.Object[],string)

[Library/PackageCache/com.unity.render-pipelines.universal@12.1.7/Runtime/UniversalRenderPipeline.cs line 431]

Incompatible keyword states
UnityEngine.StackTraceUtility:ExtractStackTrace ()
UnityEngine.Rendering.ScriptableRenderContext:Submit_Internal ()
UnityEngine.Rendering.ScriptableRenderContext:Submit ()
UnityEngine.Rendering.Universal.UniversalRenderPipeline:RenderSingleCamera (UnityEngine.Rendering.ScriptableRenderContext,UnityEngine.Rendering.Universal.CameraData,bool) (at Library/PackageCache/com.unity.render-pipelines.universal@12.1.7/Runtime/UniversalRenderPipeline.cs:431)
UnityEngine.Rendering.Universal.UniversalRenderPipeline:RenderSingleCamera (UnityEngine.Rendering.ScriptableRenderContext,UnityEngine.Camera) (at Library/PackageCache/com.unity.render-pipelines.universal@12.1.7/Runtime/UniversalRenderPipeline.cs:324)
UnityEngine.Rendering.Universal.UniversalRenderPipeline:Render (UnityEngine.Rendering.ScriptableRenderContext,System.Collections.Generic.List`1<UnityEngine.Camera>) (at Library/PackageCache/com.unity.render-pipelines.universal@12.1.7/Runtime/UniversalRenderPipeline.cs:279)
UnityEngine.Rendering.RenderPipeline:InternalRender (UnityEngine.Rendering.ScriptableRenderContext,System.Collections.Generic.List`1<UnityEngine.Camera>)
UnityEngine.Rendering.RenderPipelineManager:DoRenderLoop_Internal (UnityEngine.Rendering.RenderPipelineAsset,intptr,System.Collections.Generic.List`1<UnityEngine.Camera/RenderRequest>,Unity.Collections.LowLevel.Unsafe.AtomicSafetyHandle)
UnityEditor.PreviewRenderUtility:Render (bool,bool)
UnityEditor.MaterialEditor:DoRenderPreview (UnityEditor.PreviewRenderUtility,bool)
UnityEditor.MaterialEditor:RenderStaticPreview (string,UnityEngine.Object[],int,int)
UnityEditor.AssetPreviewUpdater:CreatePreview (UnityEngine.Object,UnityEngine.Object[],string,int,int)
UnityEditor.AssetPreviewUpdater:CreatePreviewForAsset (UnityEngine.Object,UnityEngine.Object[],string)

[Library/PackageCache/com.unity.render-pipelines.universal@12.1.7/Runtime/UniversalRenderPipeline.cs line 431]

 -> (artifact id: '7f36b623d65ff1b0af849cc7df8bb028') in 0.058709 seconds 
========================================================================
Received Import Request.
  Time since last request: 103.219555 seconds.
  path: Assets/level-01.unity
  artifactKey: Guid(366bcbebef3840d4284847a4b52bf75f) Importer(815301076,1909f56bfc062723c751e8b465ee728b)
Start importing Assets/level-01.unity using Guid(366bcbebef3840d4284847a4b52bf75f) Importer(815301076,1909f56bfc062723c751e8b465ee728b)  -> (artifact id: 'ce048c75bb5d54575045d24beef68906') in 0.002347 seconds 
========================================================================
Received Import Request.
  Time since last request: 2.977515 seconds.
  path: Assets/level-03.unity
  artifactKey: Guid(7d5edc97e6916f248b2931b41f926d6d) Importer(815301076,1909f56bfc062723c751e8b465ee728b)
Start importing Assets/level-03.unity using Guid(7d5edc97e6916f248b2931b41f926d6d) Importer(815301076,1909f56bfc062723c751e8b465ee728b)  -> (artifact id: 'fe26279b35301a6672726ba7b94a8a11') in 0.001705 seconds 
